<?xml version="1.0" encoding="UTF-8"?>
<coverage generated="1676625112191" clover="3.2.0">
  <project timestamp="1676625112191" name="All files">
    <metrics statements="95" coveredstatements="93" conditionals="56" coveredconditionals="49" methods="18" coveredmethods="18" elements="169" coveredelements="160" complexity="0" loc="95" ncloc="95" packages="2" files="6" classes="6"/>
    <package name="src">
      <metrics statements="36" coveredstatements="34" conditionals="17" coveredconditionals="14" methods="7" coveredmethods="7"/>
      <file name="index.js" path="/Users/daria/frontend-project-46/src/index.js">
        <metrics statements="14" coveredstatements="14" conditionals="1" coveredconditionals="1" methods="4" coveredmethods="4"/>
        <line num="8" count="1" type="stmt"/>
        <line num="9" count="10" type="stmt"/>
        <line num="10" count="10" type="stmt"/>
        <line num="14" count="1" type="stmt"/>
        <line num="15" count="10" type="stmt"/>
        <line num="16" count="10" type="stmt"/>
        <line num="20" count="1" type="stmt"/>
        <line num="21" count="10" type="stmt"/>
        <line num="22" count="10" type="stmt"/>
        <line num="23" count="10" type="stmt"/>
        <line num="24" count="10" type="stmt"/>
        <line num="28" count="1" type="cond" truecount="1" falsecount="0"/>
        <line num="29" count="5" type="stmt"/>
        <line num="30" count="5" type="stmt"/>
      </file>
      <file name="makeTree.js" path="/Users/daria/frontend-project-46/src/makeTree.js">
        <metrics statements="15" coveredstatements="15" conditionals="10" coveredconditionals="10" methods="2" coveredmethods="2"/>
        <line num="3" count="1" type="stmt"/>
        <line num="4" count="25" type="stmt"/>
        <line num="5" count="25" type="stmt"/>
        <line num="6" count="25" type="stmt"/>
        <line num="8" count="25" type="stmt"/>
        <line num="9" count="90" type="cond" truecount="4" falsecount="0"/>
        <line num="10" count="20" type="stmt"/>
        <line num="16" count="70" type="cond" truecount="2" falsecount="0"/>
        <line num="17" count="25" type="stmt"/>
        <line num="23" count="45" type="cond" truecount="2" falsecount="0"/>
        <line num="24" count="10" type="stmt"/>
        <line num="30" count="35" type="cond" truecount="2" falsecount="0"/>
        <line num="31" count="20" type="stmt"/>
        <line num="38" count="15" type="stmt"/>
        <line num="44" count="25" type="stmt"/>
      </file>
      <file name="parsers.js" path="/Users/daria/frontend-project-46/src/parsers.js">
        <metrics statements="7" coveredstatements="5" conditionals="6" coveredconditionals="3" methods="1" coveredmethods="1"/>
        <line num="3" count="1" type="stmt"/>
        <line num="4" count="10" type="cond" truecount="2" falsecount="0"/>
        <line num="5" count="6" type="stmt"/>
        <line num="6" count="4" type="cond" truecount="1" falsecount="1"/>
        <line num="7" count="4" type="stmt"/>
        <line num="9" count="0" type="cond" truecount="0" falsecount="2"/>
        <line num="10" count="0" type="stmt"/>
      </file>
    </package>
    <package name="src.formatter">
      <metrics statements="59" coveredstatements="59" conditionals="39" coveredconditionals="35" methods="11" coveredmethods="11"/>
      <file name="checkFormat.js" path="/Users/daria/frontend-project-46/src/formatter/checkFormat.js">
        <metrics statements="9" coveredstatements="9" conditionals="8" coveredconditionals="7" methods="1" coveredmethods="1"/>
        <line num="4" count="1" type="stmt"/>
        <line num="5" count="5" type="cond" truecount="2" falsecount="0"/>
        <line num="6" count="1" type="stmt"/>
        <line num="8" count="4" type="cond" truecount="2" falsecount="0"/>
        <line num="9" count="1" type="stmt"/>
        <line num="11" count="3" type="cond" truecount="2" falsecount="0"/>
        <line num="12" count="1" type="stmt"/>
        <line num="14" count="2" type="cond" truecount="1" falsecount="1"/>
        <line num="15" count="2" type="stmt"/>
      </file>
      <file name="formatTree.js" path="/Users/daria/frontend-project-46/src/formatter/formatTree.js">
        <metrics statements="29" coveredstatements="29" conditionals="17" coveredconditionals="15" methods="6" coveredmethods="6"/>
        <line num="1" count="1" type="stmt"/>
        <line num="2" count="84" type="stmt"/>
        <line num="4" count="1" type="cond" truecount="0" falsecount="1"/>
        <line num="5" count="54" type="cond" truecount="4" falsecount="0"/>
        <line num="6" count="40" type="stmt"/>
        <line num="8" count="14" type="stmt"/>
        <line num="9" count="18" type="stmt"/>
        <line num="10" count="14" type="stmt"/>
        <line num="12" count="14" type="stmt"/>
        <line num="15" count="1" type="stmt"/>
        <line num="16" count="2" type="stmt"/>
        <line num="17" count="10" type="cond" truecount="2" falsecount="0"/>
        <line num="18" count="10" type="stmt"/>
        <line num="19" count="10" type="stmt"/>
        <line num="20" count="36" type="cond" truecount="2" falsecount="0"/>
        <line num="21" count="8" type="stmt"/>
        <line num="23" count="28" type="cond" truecount="2" falsecount="0"/>
        <line num="24" count="10" type="stmt"/>
        <line num="26" count="18" type="cond" truecount="2" falsecount="0"/>
        <line num="27" count="4" type="stmt"/>
        <line num="29" count="14" type="cond" truecount="2" falsecount="0"/>
        <line num="30" count="8" type="stmt"/>
        <line num="31" count="8" type="stmt"/>
        <line num="32" count="8" type="stmt"/>
        <line num="34" count="6" type="cond" truecount="1" falsecount="1"/>
        <line num="35" count="6" type="stmt"/>
        <line num="38" count="10" type="stmt"/>
        <line num="39" count="10" type="stmt"/>
        <line num="41" count="2" type="stmt"/>
      </file>
      <file name="plain.js" path="/Users/daria/frontend-project-46/src/formatter/plain.js">
        <metrics statements="21" coveredstatements="21" conditionals="14" coveredconditionals="13" methods="4" coveredmethods="4"/>
        <line num="3" count="1" type="stmt"/>
        <line num="4" count="26" type="cond" truecount="2" falsecount="0"/>
        <line num="5" count="8" type="stmt"/>
        <line num="7" count="18" type="cond" truecount="2" falsecount="0"/>
        <line num="8" count="14" type="stmt"/>
        <line num="10" count="4" type="stmt"/>
        <line num="13" count="1" type="stmt"/>
        <line num="14" count="2" type="stmt"/>
        <line num="15" count="10" type="stmt"/>
        <line num="16" count="36" type="cond" truecount="2" falsecount="0"/>
        <line num="17" count="8" type="stmt"/>
        <line num="19" count="28" type="cond" truecount="2" falsecount="0"/>
        <line num="20" count="10" type="stmt"/>
        <line num="22" count="18" type="cond" truecount="2" falsecount="0"/>
        <line num="23" count="4" type="stmt"/>
        <line num="25" count="14" type="cond" truecount="2" falsecount="0"/>
        <line num="26" count="8" type="stmt"/>
        <line num="28" count="6" type="cond" truecount="1" falsecount="1"/>
        <line num="29" count="6" type="stmt"/>
        <line num="32" count="10" type="stmt"/>
        <line num="34" count="2" type="stmt"/>
      </file>
    </package>
  </project>
</coverage>
