{"/Users/daria/frontend-project-46/src/index.js": {"path":"/Users/daria/frontend-project-46/src/index.js","statementMap":{"0":{"start":{"line":3,"column":18},"end":{"line":18,"column":1}},"1":{"start":{"line":4,"column":15},"end":{"line":16,"column":3}},"2":{"start":{"line":5,"column":4},"end":{"line":7,"column":5}},"3":{"start":{"line":6,"column":6},"end":{"line":6,"column":34}},"4":{"start":{"line":8,"column":14},"end":{"line":8,"column":33}},"5":{"start":{"line":9,"column":14},"end":{"line":9,"column":32}},"6":{"start":{"line":10,"column":14},"end":{"line":10,"column":46}},"7":{"start":{"line":12,"column":16},"end":{"line":12,"column":44}},"8":{"start":{"line":13,"column":18},"end":{"line":13,"column":80}},"9":{"start":{"line":13,"column":42},"end":{"line":13,"column":79}},"10":{"start":{"line":14,"column":19},"end":{"line":14,"column":54}},"11":{"start":{"line":15,"column":4},"end":{"line":15,"column":18}},"12":{"start":{"line":17,"column":2},"end":{"line":17,"column":24}},"13":{"start":{"line":20,"column":16},"end":{"line":46,"column":1}},"14":{"start":{"line":21,"column":16},"end":{"line":21,"column":47}},"15":{"start":{"line":22,"column":16},"end":{"line":22,"column":47}},"16":{"start":{"line":23,"column":15},"end":{"line":23,"column":32}},"17":{"start":{"line":24,"column":15},"end":{"line":24,"column":32}},"18":{"start":{"line":26,"column":15},"end":{"line":26,"column":32}},"19":{"start":{"line":27,"column":15},"end":{"line":27,"column":32}},"20":{"start":{"line":28,"column":15},"end":{"line":28,"column":33}},"21":{"start":{"line":30,"column":17},"end":{"line":30,"column":19}},"22":{"start":{"line":31,"column":2},"end":{"line":44,"column":4}},"23":{"start":{"line":32,"column":22},"end":{"line":32,"column":46}},"24":{"start":{"line":33,"column":22},"end":{"line":33,"column":46}},"25":{"start":{"line":34,"column":5},"end":{"line":43,"column":6}},"26":{"start":{"line":35,"column":6},"end":{"line":35,"column":37}},"27":{"start":{"line":36,"column":11},"end":{"line":43,"column":6}},"28":{"start":{"line":37,"column":7},"end":{"line":37,"column":38}},"29":{"start":{"line":38,"column":12},"end":{"line":43,"column":6}},"30":{"start":{"line":39,"column":6},"end":{"line":39,"column":37}},"31":{"start":{"line":41,"column":6},"end":{"line":41,"column":37}},"32":{"start":{"line":42,"column":6},"end":{"line":42,"column":37}},"33":{"start":{"line":45,"column":2},"end":{"line":45,"column":27}}},"fnMap":{"0":{"name":"(anonymous_0)","decl":{"start":{"line":3,"column":18},"end":{"line":3,"column":19}},"loc":{"start":{"line":3,"column":62},"end":{"line":18,"column":1}},"line":3},"1":{"name":"(anonymous_1)","decl":{"start":{"line":4,"column":15},"end":{"line":4,"column":16}},"loc":{"start":{"line":4,"column":40},"end":{"line":16,"column":3}},"line":4},"2":{"name":"(anonymous_2)","decl":{"start":{"line":13,"column":26},"end":{"line":13,"column":27}},"loc":{"start":{"line":13,"column":42},"end":{"line":13,"column":79}},"line":13},"3":{"name":"(anonymous_3)","decl":{"start":{"line":20,"column":16},"end":{"line":20,"column":17}},"loc":{"start":{"line":20,"column":42},"end":{"line":46,"column":1}},"line":20}},"branchMap":{"0":{"loc":{"start":{"line":3,"column":26},"end":{"line":3,"column":40}},"type":"default-arg","locations":[{"start":{"line":3,"column":37},"end":{"line":3,"column":40}}],"line":3},"1":{"loc":{"start":{"line":3,"column":42},"end":{"line":3,"column":57}},"type":"default-arg","locations":[{"start":{"line":3,"column":56},"end":{"line":3,"column":57}}],"line":3},"2":{"loc":{"start":{"line":5,"column":4},"end":{"line":7,"column":5}},"type":"if","locations":[{"start":{"line":5,"column":4},"end":{"line":7,"column":5}},{"start":{},"end":{}}],"line":5},"3":{"loc":{"start":{"line":5,"column":8},"end":{"line":5,"column":67}},"type":"binary-expr","locations":[{"start":{"line":5,"column":8},"end":{"line":5,"column":42}},{"start":{"line":5,"column":46},"end":{"line":5,"column":67}}],"line":5},"4":{"loc":{"start":{"line":34,"column":5},"end":{"line":43,"column":6}},"type":"if","locations":[{"start":{"line":34,"column":5},"end":{"line":43,"column":6}},{"start":{"line":36,"column":11},"end":{"line":43,"column":6}}],"line":34},"5":{"loc":{"start":{"line":36,"column":11},"end":{"line":43,"column":6}},"type":"if","locations":[{"start":{"line":36,"column":11},"end":{"line":43,"column":6}},{"start":{"line":38,"column":12},"end":{"line":43,"column":6}}],"line":36},"6":{"loc":{"start":{"line":38,"column":12},"end":{"line":43,"column":6}},"type":"if","locations":[{"start":{"line":38,"column":12},"end":{"line":43,"column":6}},{"start":{"line":40,"column":11},"end":{"line":43,"column":6}}],"line":38}},"s":{"0":1,"1":1,"2":7,"3":6,"4":1,"5":1,"6":1,"7":1,"8":1,"9":6,"10":1,"11":1,"12":1,"13":1,"14":1,"15":1,"16":1,"17":1,"18":1,"19":1,"20":1,"21":1,"22":1,"23":7,"24":7,"25":7,"26":1,"27":6,"28":2,"29":4,"30":2,"31":2,"32":2,"33":1},"f":{"0":1,"1":7,"2":6,"3":1},"b":{"0":[1],"1":[1],"2":[6,1],"3":[7,1],"4":[1,6],"5":[2,4],"6":[2,2]},"_coverageSchema":"1a1c01bbd47fc00a2c39e90264f33305004495a9","hash":"b1788c7ac1fc78e194b238b92494b7e2ae178aad"}
}
