TN:
SF:src/index.js
FN:8,(anonymous_0)
FN:14,(anonymous_1)
FN:20,(anonymous_2)
FN:28,(anonymous_3)
FNF:4
FNH:4
FNDA:20,(anonymous_0)
FNDA:20,(anonymous_1)
FNDA:20,(anonymous_2)
FNDA:10,(anonymous_3)
DA:8,1
DA:9,20
DA:10,20
DA:14,1
DA:15,20
DA:16,20
DA:20,1
DA:21,20
DA:22,20
DA:23,20
DA:24,20
DA:28,1
DA:29,10
DA:30,10
LF:14
LH:14
BRDA:28,0,0,2
BRF:1
BRH:1
end_of_record
TN:
SF:src/makeTree.js
FN:3,(anonymous_0)
FN:8,(anonymous_1)
FNF:2
FNH:2
FNDA:50,(anonymous_0)
FNDA:180,(anonymous_1)
DA:3,1
DA:4,50
DA:5,50
DA:6,50
DA:8,50
DA:9,180
DA:10,40
DA:16,140
DA:17,50
DA:23,90
DA:24,20
DA:30,70
DA:31,40
DA:38,30
DA:44,50
LF:15
LH:15
BRDA:9,0,0,40
BRDA:9,0,1,140
BRDA:9,1,0,180
BRDA:9,1,1,60
BRDA:16,2,0,50
BRDA:16,2,1,90
BRDA:23,3,0,20
BRDA:23,3,1,70
BRDA:30,4,0,40
BRDA:30,4,1,30
BRF:10
BRH:10
end_of_record
TN:
SF:src/parsers.js
FN:4,(anonymous_0)
FNF:1
FNH:1
FNDA:20,(anonymous_0)
DA:4,1
DA:5,20
DA:6,7
DA:8,13
DA:9,13
LF:5
LH:5
BRDA:5,0,0,7
BRDA:5,0,1,13
BRDA:8,1,0,13
BRDA:8,1,1,0
BRDA:8,2,0,13
BRDA:8,2,1,6
BRF:6
BRH:5
end_of_record
TN:
SF:src/formatter/formatTree.js
FN:2,(anonymous_0)
FN:4,(anonymous_1)
FN:9,(anonymous_2)
FN:15,(anonymous_3)
FN:16,(anonymous_4)
FN:19,(anonymous_5)
FNF:6
FNH:6
FNDA:168,(anonymous_0)
FNDA:108,(anonymous_1)
FNDA:36,(anonymous_2)
FNDA:4,(anonymous_3)
FNDA:20,(anonymous_4)
FNDA:72,(anonymous_5)
DA:1,1
DA:2,168
DA:4,1
DA:5,108
DA:6,80
DA:8,28
DA:9,36
DA:10,28
DA:12,28
DA:15,1
DA:16,4
DA:17,20
DA:18,20
DA:19,20
DA:20,72
DA:21,16
DA:23,56
DA:24,20
DA:26,36
DA:27,8
DA:29,28
DA:30,16
DA:31,16
DA:32,16
DA:34,12
DA:36,20
DA:37,20
DA:39,4
LF:28
LH:28
BRDA:4,0,0,0
BRDA:5,1,0,80
BRDA:5,1,1,28
BRDA:5,2,0,108
BRDA:5,2,1,32
BRDA:17,3,0,4
BRDA:17,3,1,16
BRDA:20,4,0,16
BRDA:20,4,1,56
BRDA:23,5,0,20
BRDA:23,5,1,36
BRDA:26,6,0,8
BRDA:26,6,1,28
BRDA:29,7,0,16
BRDA:29,7,1,12
BRF:15
BRH:14
end_of_record
TN:
SF:src/formatter/index.js
FN:4,(anonymous_0)
FNF:1
FNH:1
FNDA:10,(anonymous_0)
DA:4,1
DA:5,10
DA:6,3
DA:8,7
DA:9,3
DA:11,4
LF:6
LH:6
BRDA:5,0,0,3
BRDA:5,0,1,7
BRDA:8,1,0,3
BRDA:8,1,1,4
BRF:4
BRH:4
end_of_record
TN:
SF:src/formatter/plain.js
FN:1,(anonymous_0)
FN:14,(anonymous_1)
FN:15,(anonymous_2)
FN:16,(anonymous_3)
FNF:4
FNH:4
FNDA:39,(anonymous_0)
FNDA:3,(anonymous_1)
FNDA:15,(anonymous_2)
FNDA:54,(anonymous_3)
DA:1,1
DA:2,39
DA:3,3
DA:5,36
DA:6,9
DA:8,27
DA:9,21
DA:11,6
DA:14,1
DA:15,3
DA:16,15
DA:17,54
DA:18,12
DA:20,42
DA:21,15
DA:23,27
DA:24,6
DA:26,21
DA:27,12
DA:29,9
DA:31,15
DA:33,3
LF:22
LH:22
BRDA:2,0,0,3
BRDA:2,0,1,36
BRDA:5,1,0,9
BRDA:5,1,1,27
BRDA:5,2,0,36
BRDA:5,2,1,9
BRDA:8,3,0,21
BRDA:8,3,1,6
BRDA:17,4,0,12
BRDA:17,4,1,42
BRDA:20,5,0,15
BRDA:20,5,1,27
BRDA:23,6,0,6
BRDA:23,6,1,21
BRDA:26,7,0,12
BRDA:26,7,1,9
BRF:16
BRH:16
end_of_record
