TN:
SF:src/index.js
FN:8,(anonymous_0)
FN:14,(anonymous_1)
FN:20,(anonymous_2)
FN:28,(anonymous_3)
FNF:4
FNH:4
FNDA:10,(anonymous_0)
FNDA:10,(anonymous_1)
FNDA:10,(anonymous_2)
FNDA:5,(anonymous_3)
DA:8,1
DA:9,10
DA:10,10
DA:14,1
DA:15,10
DA:16,10
DA:20,1
DA:21,10
DA:22,10
DA:23,10
DA:24,10
DA:28,1
DA:29,5
DA:30,5
LF:14
LH:14
BRDA:28,0,0,1
BRF:1
BRH:1
end_of_record
TN:
SF:src/makeTree.js
FN:3,(anonymous_0)
FN:8,(anonymous_1)
FNF:2
FNH:2
FNDA:25,(anonymous_0)
FNDA:90,(anonymous_1)
DA:3,1
DA:4,25
DA:5,25
DA:6,25
DA:8,25
DA:9,90
DA:10,20
DA:16,70
DA:17,25
DA:23,45
DA:24,10
DA:30,35
DA:31,20
DA:38,15
DA:44,25
LF:15
LH:15
BRDA:9,0,0,20
BRDA:9,0,1,70
BRDA:9,1,0,90
BRDA:9,1,1,30
BRDA:16,2,0,25
BRDA:16,2,1,45
BRDA:23,3,0,10
BRDA:23,3,1,35
BRDA:30,4,0,20
BRDA:30,4,1,15
BRF:10
BRH:10
end_of_record
TN:
SF:src/parsers.js
FN:3,(anonymous_0)
FNF:1
FNH:1
FNDA:10,(anonymous_0)
DA:3,1
DA:4,10
DA:5,6
DA:6,4
DA:7,4
DA:9,0
DA:10,0
LF:7
LH:5
BRDA:4,0,0,6
BRDA:4,0,1,4
BRDA:6,1,0,4
BRDA:6,1,1,0
BRDA:9,2,0,0
BRDA:9,2,1,0
BRF:6
BRH:3
end_of_record
TN:
SF:src/formatter/checkFormat.js
FN:4,(anonymous_0)
FNF:1
FNH:1
FNDA:5,(anonymous_0)
DA:4,1
DA:5,5
DA:6,1
DA:8,4
DA:9,1
DA:11,3
DA:12,1
DA:14,2
DA:15,2
LF:9
LH:9
BRDA:5,0,0,1
BRDA:5,0,1,4
BRDA:8,1,0,1
BRDA:8,1,1,3
BRDA:11,2,0,1
BRDA:11,2,1,2
BRDA:14,3,0,2
BRDA:14,3,1,0
BRF:8
BRH:7
end_of_record
TN:
SF:src/formatter/formatTree.js
FN:2,(anonymous_0)
FN:4,(anonymous_1)
FN:9,(anonymous_2)
FN:15,(anonymous_3)
FN:16,(anonymous_4)
FN:19,(anonymous_5)
FNF:6
FNH:6
FNDA:84,(anonymous_0)
FNDA:54,(anonymous_1)
FNDA:18,(anonymous_2)
FNDA:2,(anonymous_3)
FNDA:10,(anonymous_4)
FNDA:36,(anonymous_5)
DA:1,1
DA:2,84
DA:4,1
DA:5,54
DA:6,40
DA:8,14
DA:9,18
DA:10,14
DA:12,14
DA:15,1
DA:16,2
DA:17,10
DA:18,10
DA:19,10
DA:20,36
DA:21,8
DA:23,28
DA:24,10
DA:26,18
DA:27,4
DA:29,14
DA:30,8
DA:31,8
DA:32,8
DA:34,6
DA:35,6
DA:38,10
DA:39,10
DA:41,2
LF:29
LH:29
BRDA:4,0,0,0
BRDA:5,1,0,40
BRDA:5,1,1,14
BRDA:5,2,0,54
BRDA:5,2,1,16
BRDA:17,3,0,2
BRDA:17,3,1,8
BRDA:20,4,0,8
BRDA:20,4,1,28
BRDA:23,5,0,10
BRDA:23,5,1,18
BRDA:26,6,0,4
BRDA:26,6,1,14
BRDA:29,7,0,8
BRDA:29,7,1,6
BRDA:34,8,0,6
BRDA:34,8,1,0
BRF:17
BRH:15
end_of_record
TN:
SF:src/formatter/plain.js
FN:3,(anonymous_0)
FN:13,(anonymous_1)
FN:14,(anonymous_2)
FN:15,(anonymous_3)
FNF:4
FNH:4
FNDA:26,(anonymous_0)
FNDA:2,(anonymous_1)
FNDA:10,(anonymous_2)
FNDA:36,(anonymous_3)
DA:3,1
DA:4,26
DA:5,8
DA:7,18
DA:8,14
DA:10,4
DA:13,1
DA:14,2
DA:15,10
DA:16,36
DA:17,8
DA:19,28
DA:20,10
DA:22,18
DA:23,4
DA:25,14
DA:26,8
DA:28,6
DA:29,6
DA:32,10
DA:34,2
LF:21
LH:21
BRDA:4,0,0,8
BRDA:4,0,1,18
BRDA:7,1,0,14
BRDA:7,1,1,4
BRDA:16,2,0,8
BRDA:16,2,1,28
BRDA:19,3,0,10
BRDA:19,3,1,18
BRDA:22,4,0,4
BRDA:22,4,1,14
BRDA:25,5,0,8
BRDA:25,5,1,6
BRDA:28,6,0,6
BRDA:28,6,1,0
BRF:14
BRH:13
end_of_record
